2025-12-22 09:13:10,977 [INFO] ================================================================================
2025-12-22 09:13:10,977 [INFO] 🎮 小黑盒Playwright爬虫启动
2025-12-22 09:13:10,977 [INFO] 📦 版本: v2.3.0-personalized
2025-12-22 09:13:10,977 [INFO] 🕐 更新时间: 2025-01-11
2025-12-22 09:13:10,977 [INFO] ================================================================================
2025-12-22 09:13:10,977 [INFO] 
配置信息：
2025-12-22 09:13:10,977 [INFO]   - 目标帖子数: 20
2025-12-22 09:13:10,977 [INFO]   - Token已配置: 是
2025-12-22 09:13:10,977 [INFO]   - AI分析: 是
2025-12-22 09:13:10,978 [INFO]   - 使用代理: 否
2025-12-22 09:13:19,005 [INFO] ✓ 浏览器启动成功
2025-12-22 09:13:19,026 [INFO] ✓ user_pkey已配置（长度: 52字符）
2025-12-22 09:13:19,108 [INFO] ✓ Cookie已预先设置（2个Cookie，确保首次请求携带认证）
2025-12-22 09:13:19,469 [INFO] ✓ 页面创建成功（使用Token认证，无需stealth）
2025-12-22 09:13:19,469 [INFO] 
================================================================================
2025-12-22 09:13:19,469 [INFO] 🔍 步骤0：获取通用首页内容（用于对比验证）
2025-12-22 09:13:19,469 [INFO] ================================================================================
2025-12-22 09:13:28,874 [INFO] [通用首页] 📝 开始提取帖子数据（目标20条）...
2025-12-22 09:13:28,891 [INFO] [通用首页]   找到 10 个帖子ID
2025-12-22 09:13:28,896 [INFO] [通用首页]   提取到 10 个帖子的原始数据
2025-12-22 09:13:28,897 [INFO] [通用首页] ✅ 成功提取 10 个帖子
2025-12-22 09:13:28,906 [INFO] ✓ 通用首页提取到 10 个帖子
2025-12-22 09:13:28,907 [INFO]   通用首页帖子ID: ['168035253', '168401820', '169106583', '170080164', '170470865']...
2025-12-22 09:13:28,907 [INFO] 
================================================================================
2025-12-22 09:13:28,907 [INFO] 🔍 步骤1：获取个性化首页内容
2025-12-22 09:13:28,907 [INFO] ================================================================================
2025-12-22 09:13:28,907 [INFO] 🌐 访问首页: https://www.xiaoheihe.cn/app/bbs/home
2025-12-22 09:13:31,576 [INFO]   ✓ 页面加载完成
2025-12-22 09:13:31,580 [INFO]   ✓ Token注入成功
2025-12-22 09:13:35,648 [INFO]   ✓ 页面刷新，Token已激活
2025-12-22 09:13:35,648 [INFO]   ⏳ 等待个性化内容加载...
2025-12-22 09:13:45,659 [INFO]   📜 滚动加载 (1/3)
2025-12-22 09:13:47,665 [INFO]   📜 滚动加载 (2/3)
2025-12-22 09:13:49,670 [INFO]   📜 滚动加载 (3/3)
2025-12-22 09:13:51,682 [INFO]   🔍 Cookie验证: x_xhh_tokenid=True, user_pkey=True
2025-12-22 09:13:51,690 [INFO]   🔍 登录状态检测:
2025-12-22 09:13:51,691 [INFO]     - localStorage有Token: False
2025-12-22 09:13:51,691 [INFO]     - Cookie有Token: True
2025-12-22 09:13:51,691 [INFO]     - 页面有用户信息: True
2025-12-22 09:13:51,691 [INFO]     - 综合判断: ✅ 已登录
2025-12-22 09:13:51,691 [INFO]   🔧 检测到localStorage缺少Token，重新注入...
2025-12-22 09:13:51,694 [INFO]   ✓ localStorage Token已重新注入
2025-12-22 09:13:51,694 [INFO]   ✅ 成功访问个性化首页（已登录状态）
2025-12-22 09:13:51,694 [INFO] [个性化首页] 📝 开始提取帖子数据（目标20条）...
2025-12-22 09:13:51,705 [INFO] [个性化首页]   找到 10 个帖子ID
2025-12-22 09:13:51,708 [INFO] [个性化首页]   提取到 10 个帖子的原始数据
2025-12-22 09:13:51,709 [INFO] [个性化首页] ✅ 成功提取 10 个帖子
2025-12-22 09:13:51,709 [INFO] 
================================================================================
2025-12-22 09:13:51,709 [INFO] 📊 对比分析：判断是否获取到个性化内容
2025-12-22 09:13:51,709 [INFO] ================================================================================
2025-12-22 09:13:51,709 [INFO]   个性化首页帖子数: 10
2025-12-22 09:13:51,709 [INFO]   通用首页帖子数: 10
2025-12-22 09:13:51,709 [INFO]   共同帖子数: 0
2025-12-22 09:13:51,710 [INFO]   个性化独有帖子数: 10
2025-12-22 09:13:51,710 [INFO]   通用独有帖子数: 10
2025-12-22 09:13:51,710 [INFO]   内容相似度: 0.0%
2025-12-22 09:13:51,710 [INFO]   ✅ 判断：已获取到个性化内容（内容差异较大）
2025-12-22 09:13:51,710 [INFO]   个性化独有帖子ID示例: ['170391177', '170938920', '170993432']
2025-12-22 09:13:51,710 [INFO] ================================================================================

2025-12-22 09:13:51,710 [INFO] 
第1步完成：提取到 10 个帖子

2025-12-22 09:13:51,710 [INFO] [1/10] 处理: 哦不是哥们，不想送可以不送steam游戏52456
2025-12-22 09:13:51,710 [INFO]   💬 抓取评论: 170391177
2025-12-22 09:13:51,710 [INFO]      📍 URL: https://www.xiaoheihe.cn/app/bbs/link/170391177?htk=2428e0d5ed50fecf51c8924301771b7c
2025-12-22 09:13:56,289 [INFO]      🔍 页面检测: 评论区=True, 评论项数=3
2025-12-22 09:13:56,291 [INFO]     ✓ 获取到 0 条评论
2025-12-22 09:13:58,297 [INFO] [2/10] 处理: 没这么可爱xhs看到的共10张247597
2025-12-22 09:13:58,297 [INFO]   💬 抓取评论: 171055964
2025-12-22 09:13:58,297 [INFO]      📍 URL: https://www.xiaoheihe.cn/app/bbs/link/171055964?htk=c762aebee58efa98fa42ad572bdada54
2025-12-22 09:14:02,833 [INFO]      🔍 页面检测: 评论区=False, 评论项数=0
2025-12-22 09:14:02,837 [INFO]     ✓ 获取到 0 条评论
2025-12-22 09:14:04,845 [INFO] [3/10] 处理: 【12.19】Steam开启冬促！300款史低佳作！最低只需￥3【12.19】S
2025-12-22 09:14:04,845 [INFO]   💬 抓取评论: 171000849
2025-12-22 09:14:04,845 [INFO]      📍 URL: https://www.xiaoheihe.cn/app/bbs/link/171000849?htk=9dc4c05ed1cd9fe4ee2b40f15bf6857c
2025-12-22 09:14:09,585 [INFO]      🔍 页面检测: 评论区=True, 评论项数=3
2025-12-22 09:14:09,596 [INFO]     ✓ 获取到 2 条评论
2025-12-22 09:14:11,612 [INFO] [4/10] 处理: 我正在玩互动影游，游戏很棒，福利也到位很不错的游戏，可以体验一下荒岛求生逃出美女
2025-12-22 09:14:11,612 [INFO]   💬 抓取评论: 171089625
2025-12-22 09:14:11,612 [INFO]      📍 URL: https://www.xiaoheihe.cn/app/bbs/link/171089625?htk=75924f78ab9a06268e2b9f06ea6aed36
2025-12-22 09:14:16,221 [INFO]      🔍 页面检测: 评论区=True, 评论项数=3
2025-12-22 09:14:16,223 [INFO]     ✓ 获取到 1 条评论
2025-12-22 09:14:18,232 [INFO] [5/10] 处理: 柔弱女子，害怕暴力是谁让你们想出雪莉来做宣传的？群聊你们真勤快啊这会传的哪都是了
2025-12-22 09:14:18,232 [INFO]   💬 抓取评论: 171004481
2025-12-22 09:14:18,232 [INFO]      📍 URL: https://www.xiaoheihe.cn/app/bbs/link/171004481?htk=f173b5932c2e4ee9a7a4204fed71ba0d
2025-12-22 09:14:22,812 [INFO]      🔍 页面检测: 评论区=True, 评论项数=3
2025-12-22 09:14:22,817 [INFO]     ✓ 获取到 1 条评论
2025-12-22 09:14:24,822 [INFO] [6/10] 处理: 送给自卑的人，不要陷入“道德美化”的陷阱里。我观察过许多自卑的人，包括自己，从中
2025-12-22 09:14:24,822 [INFO]   💬 抓取评论: 171097988
2025-12-22 09:14:24,823 [INFO]      📍 URL: https://www.xiaoheihe.cn/app/bbs/link/171097988?htk=61174cfb18a39df08d71b85e37cc30c9
2025-12-22 09:14:29,539 [INFO]      🔍 页面检测: 评论区=True, 评论项数=3
2025-12-22 09:14:29,544 [INFO]     ✓ 获取到 3 条评论
2025-12-22 09:14:31,547 [INFO] [7/10] 处理: 【萌新向】各系陆空顶级开线金车/礼包推荐（12.18）观前提醒:本文推荐的金车/
2025-12-22 09:14:31,547 [INFO]   💬 抓取评论: 170938920
2025-12-22 09:14:31,547 [INFO]      📍 URL: https://www.xiaoheihe.cn/app/bbs/link/170938920?htk=9e1cf546c7f6a0701121f36f64f72ee0
2025-12-22 09:14:36,189 [INFO]      🔍 页面检测: 评论区=True, 评论项数=3
2025-12-22 09:14:36,193 [INFO]     ✓ 获取到 4 条评论
2025-12-22 09:14:38,198 [INFO] [8/10] 处理: 好想娶她啊，这真是貂蝉吧虽然她属性很差，性格也很差，但这长相纯纯貂蝉啊，原版居然
2025-12-22 09:14:38,198 [INFO]   💬 抓取评论: 170993432
2025-12-22 09:14:38,198 [INFO]      📍 URL: https://www.xiaoheihe.cn/app/bbs/link/170993432?htk=3ea93633eab818a6d180682a31801713
2025-12-22 09:14:42,866 [INFO]      🔍 页面检测: 评论区=True, 评论项数=3
2025-12-22 09:14:42,871 [INFO]     ✓ 获取到 2 条评论
2025-12-22 09:14:44,882 [INFO] [9/10] 处理: 职业赛场离奇作弊，不插U盘不用宏，远程操控被抓现行说到职业赛场上最大胆的作弊是什
2025-12-22 09:14:44,882 [INFO]   💬 抓取评论: 171143308
2025-12-22 09:14:44,883 [INFO]      📍 URL: https://www.xiaoheihe.cn/app/bbs/link/171143308?htk=2e00fb591fe29539752b730411aa10f2
2025-12-22 09:14:49,545 [INFO]      🔍 页面检测: 评论区=False, 评论项数=0
2025-12-22 09:14:49,549 [INFO]     ✓ 获取到 0 条评论
2025-12-22 09:14:51,551 [INFO] [10/10] 处理: 网吧王朝了网吧王朝了，每次晚上去都爆满，而且不止这一家爆满盒友杂谈23353
2025-12-22 09:14:51,552 [INFO]   💬 抓取评论: 171104479
2025-12-22 09:14:51,552 [INFO]      📍 URL: https://www.xiaoheihe.cn/app/bbs/link/171104479?htk=1dd7690254f5ee686669301aacc1ab5e
2025-12-22 09:14:56,222 [INFO]      🔍 页面检测: 评论区=True, 评论项数=3
2025-12-22 09:14:56,227 [INFO]     ✓ 获取到 3 条评论
2025-12-22 09:14:58,240 [INFO] 
第2步完成：获取评论

2025-12-22 09:14:58,240 [INFO] 开始AI分析...
2025-12-22 09:14:58,240 [INFO] [1/10] 分析: 哦不是哥们，不想送可以不送steam游戏52456
2025-12-22 09:14:58,240 [INFO]   🤖 AI分析: 哦不是哥们，不想送可以不送steam游戏52456...
2025-12-22 09:14:58,827 [INFO]   ℹ 该帖子无评论
2025-12-22 09:15:29,878 [INFO]     ✓ AI分析完成
2025-12-22 09:15:32,879 [INFO] [2/10] 分析: 没这么可爱xhs看到的共10张247597
2025-12-22 09:15:32,879 [INFO]   🤖 AI分析: 没这么可爱xhs看到的共10张247597...
2025-12-22 09:15:32,879 [INFO]   ℹ 该帖子无评论
2025-12-22 09:15:59,358 [INFO]     ✓ AI分析完成
2025-12-22 09:16:02,360 [INFO] [3/10] 分析: 【12.19】Steam开启冬促！300款史低佳作！最低只需￥3【12.19】S
2025-12-22 09:16:02,360 [INFO]   🤖 AI分析: 【12.19】Steam开启冬促！300款史低佳作！最低只需...
2025-12-22 09:16:02,360 [INFO]   ✓ 包含 2 条高赞评论到分析
2025-12-22 09:16:31,726 [INFO]     ✓ AI分析完成
2025-12-22 09:16:34,727 [INFO] [4/10] 分析: 我正在玩互动影游，游戏很棒，福利也到位很不错的游戏，可以体验一下荒岛求生逃出美女
2025-12-22 09:16:34,727 [INFO]   🤖 AI分析: 我正在玩互动影游，游戏很棒，福利也到位很不错的游戏，可以体验...
2025-12-22 09:16:34,727 [INFO]   ✓ 包含 1 条高赞评论到分析
2025-12-22 09:16:59,683 [INFO]     ✓ AI分析完成
2025-12-22 09:17:02,684 [INFO] [5/10] 分析: 柔弱女子，害怕暴力是谁让你们想出雪莉来做宣传的？群聊你们真勤快啊这会传的哪都是了
2025-12-22 09:17:02,685 [INFO]   🤖 AI分析: 柔弱女子，害怕暴力是谁让你们想出雪莉来做宣传的？群聊你们真勤...
2025-12-22 09:17:02,685 [INFO]   ✓ 包含 1 条高赞评论到分析
2025-12-22 09:17:32,952 [INFO]     ✓ AI分析完成
2025-12-22 09:17:35,953 [INFO] [6/10] 分析: 送给自卑的人，不要陷入“道德美化”的陷阱里。我观察过许多自卑的人，包括自己，从中
2025-12-22 09:17:35,953 [INFO]   🤖 AI分析: 送给自卑的人，不要陷入“道德美化”的陷阱里。我观察过许多自卑...
2025-12-22 09:17:35,953 [INFO]   ✓ 包含 3 条高赞评论到分析
2025-12-22 09:18:05,004 [INFO]     ✓ AI分析完成
2025-12-22 09:18:08,005 [INFO] [7/10] 分析: 【萌新向】各系陆空顶级开线金车/礼包推荐（12.18）观前提醒:本文推荐的金车/
2025-12-22 09:18:08,006 [INFO]   🤖 AI分析: 【萌新向】各系陆空顶级开线金车/礼包推荐（12.18）观前提...
2025-12-22 09:18:08,006 [INFO]   ✓ 包含 3 条高赞评论到分析
2025-12-22 09:18:36,135 [INFO]     ✓ AI分析完成
2025-12-22 09:18:39,136 [INFO] [8/10] 分析: 好想娶她啊，这真是貂蝉吧虽然她属性很差，性格也很差，但这长相纯纯貂蝉啊，原版居然
2025-12-22 09:18:39,136 [INFO]   🤖 AI分析: 好想娶她啊，这真是貂蝉吧虽然她属性很差，性格也很差，但这长相...
2025-12-22 09:18:39,136 [INFO]   ✓ 包含 2 条高赞评论到分析
2025-12-22 09:19:11,828 [INFO]     ✓ AI分析完成
2025-12-22 09:19:14,830 [INFO] [9/10] 分析: 职业赛场离奇作弊，不插U盘不用宏，远程操控被抓现行说到职业赛场上最大胆的作弊是什
2025-12-22 09:19:14,830 [INFO]   🤖 AI分析: 职业赛场离奇作弊，不插U盘不用宏，远程操控被抓现行说到职业赛...
2025-12-22 09:19:14,830 [INFO]   ℹ 该帖子无评论
2025-12-22 09:19:42,342 [INFO]     ✓ AI分析完成
2025-12-22 09:19:45,343 [INFO] [10/10] 分析: 网吧王朝了网吧王朝了，每次晚上去都爆满，而且不止这一家爆满盒友杂谈23353
2025-12-22 09:19:45,343 [INFO]   🤖 AI分析: 网吧王朝了网吧王朝了，每次晚上去都爆满，而且不止这一家爆满盒...
2025-12-22 09:19:45,343 [INFO]   ✓ 包含 3 条高赞评论到分析
2025-12-22 09:20:14,965 [INFO]     ✓ AI分析完成
2025-12-22 09:20:17,966 [INFO] 
第3步完成：AI分析

2025-12-22 09:20:17,966 [INFO] 
💾 保存数据到数据库...
2025-12-22 09:20:19,850 [INFO]   ✓ 数据库连接成功
2025-12-22 09:20:27,186 [INFO] ✅ 数据保存完成: 10个帖子, 16条评论
2025-12-22 09:20:27,187 [INFO] ✅ 数据已存入数据库，前端将从数据库读取
2025-12-22 09:20:27,361 [INFO] 
================================================================================
2025-12-22 09:20:27,361 [INFO] 🎉 爬虫执行完成！
2025-12-22 09:20:27,361 [INFO] ================================================================================
2025-12-22 09:23:54,139 [INFO] ================================================================================
2025-12-22 09:23:54,140 [INFO] 🎮 小黑盒Playwright爬虫启动
2025-12-22 09:23:54,140 [INFO] 📦 版本: v2.3.0-personalized
2025-12-22 09:23:54,140 [INFO] 🕐 更新时间: 2025-01-11
2025-12-22 09:23:54,140 [INFO] ================================================================================
2025-12-22 09:23:54,140 [INFO] 
配置信息：
2025-12-22 09:23:54,140 [INFO]   - 目标帖子数: 20
2025-12-22 09:23:54,140 [INFO]   - Token已配置: 是
2025-12-22 09:23:54,141 [INFO]   - AI分析: 是
2025-12-22 09:23:54,141 [INFO]   - 使用代理: 否
2025-12-22 09:23:54,884 [INFO] ✓ 浏览器启动成功
2025-12-22 09:23:54,895 [INFO] ✓ user_pkey已配置（长度: 52字符）
2025-12-22 09:23:54,943 [INFO] ✓ Cookie已预先设置（2个Cookie，确保首次请求携带认证）
2025-12-22 09:23:55,101 [INFO] ✓ 页面创建成功（使用Token认证，无需stealth）
2025-12-22 09:23:55,101 [INFO] 
================================================================================
2025-12-22 09:23:55,101 [INFO] 🔍 步骤0：获取通用首页内容（用于对比验证）
2025-12-22 09:23:55,103 [INFO] ================================================================================
2025-12-22 09:24:04,835 [INFO] [通用首页] 📝 开始提取帖子数据（目标20条）...
2025-12-22 09:24:04,852 [INFO] [通用首页]   找到 10 个帖子ID
2025-12-22 09:24:04,859 [INFO] [通用首页]   提取到 10 个帖子的原始数据
2025-12-22 09:24:04,859 [INFO] [通用首页] ✅ 成功提取 10 个帖子
2025-12-22 09:24:04,869 [INFO] ✓ 通用首页提取到 10 个帖子
2025-12-22 09:24:04,870 [INFO]   通用首页帖子ID: ['170306164', '170416170', '170701844', '170720601', '170836325', '170947361', '171031726', '171034217', '171057608', '171141330']
2025-12-22 09:24:04,870 [INFO]   通用首页帖子详情:
2025-12-22 09:24:04,870 [INFO]     1. [171034217] 我要见不到明天的太阳了第一天没生起火，也没住的地方，我寻思那就直接睡吧，结果睡醒了胳膊变成这样了绿色地狱197544
2025-12-22 09:24:04,870 [INFO]     2. [171141330] 回笼教大馍王给孩子买的给孩子买的，二十多块直接就买了，给自己买个游戏扣扣索索，唉……，以前也玩过中国式家长，希望能从中学
2025-12-22 09:24:04,871 [INFO]     3. [170947361] 守寡的Lucy不是哥们第一人称射击是什么鬼Steam89246
2025-12-22 09:24:04,871 [INFO]     4. [170720601] 卖给新疆粉丝的电脑，机箱被摔成了渣12月初，一位来自新疆的粉丝，人狠话不多，入手了台5070电脑配置：硬盘已涨价大概在去
2025-12-22 09:24:04,871 [INFO]     5. [170701844] 被女朋友发现惹以后不能偷偷捞她了怪物猎人：崛起129402
2025-12-22 09:24:04,871 [INFO]     6. [170416170] 女大的游戏库就这样其实还有买了一堆根本不玩的🌚🌚游戏印象272371
2025-12-22 09:24:04,871 [INFO]     7. [171057608] 兄弟变妹妹10块钱直接收了个妹妹大学38404
2025-12-22 09:24:04,872 [INFO]     8. [170836325] 绝世神图如题，群友刷出来的绝世神图。文明 644139
2025-12-22 09:24:04,872 [INFO]     9. [171031726] 我舅舅和我剧透了《黑神话钟馗》的剧情《黑神话：钟馗》开场并不是真钟馗，而是让你扮演一个在阴司最底层打杂的“押魂小吏”——
2025-12-22 09:24:04,872 [INFO]     10. [170306164] 终于上当了骗了那么久，就为了这一刻steam游戏1344230
2025-12-22 09:24:04,872 [INFO] 
================================================================================
2025-12-22 09:24:04,872 [INFO] 🔍 步骤1：获取个性化首页内容
2025-12-22 09:24:04,872 [INFO] ================================================================================
2025-12-22 09:24:04,872 [INFO] 🌐 访问首页: https://www.xiaoheihe.cn/app/bbs/home
2025-12-22 09:24:07,538 [INFO]   ✓ 页面加载完成
2025-12-22 09:24:07,541 [INFO]   ✓ Token注入成功
2025-12-22 09:24:11,877 [INFO]   ✓ 页面刷新，Token已激活
2025-12-22 09:24:11,878 [INFO]   ⏳ 等待个性化内容加载...
2025-12-22 09:24:21,889 [INFO]   📜 滚动加载 (1/3)
2025-12-22 09:24:23,891 [INFO]   📜 滚动加载 (2/3)
2025-12-22 09:24:25,895 [INFO]   📜 滚动加载 (3/3)
2025-12-22 09:24:27,906 [INFO]   🔍 Cookie验证: x_xhh_tokenid=True, user_pkey=True
2025-12-22 09:24:27,916 [INFO]   🔍 登录状态检测:
2025-12-22 09:24:27,916 [INFO]     - localStorage有Token: False
2025-12-22 09:24:27,917 [INFO]     - Cookie有Token: True
2025-12-22 09:24:27,917 [INFO]     - 页面有用户信息: True
2025-12-22 09:24:27,917 [INFO]     - 综合判断: ✅ 已登录
2025-12-22 09:24:27,917 [INFO]   🔧 检测到localStorage缺少Token，重新注入...
2025-12-22 09:24:27,922 [INFO]   ✓ localStorage Token已重新注入
2025-12-22 09:24:27,923 [INFO]   ✅ 成功访问个性化首页（已登录状态）
2025-12-22 09:24:27,923 [INFO] [个性化首页] 📝 开始提取帖子数据（目标20条）...
2025-12-22 09:24:27,944 [INFO] [个性化首页]   找到 10 个帖子ID
2025-12-22 09:24:27,951 [INFO] [个性化首页]   提取到 10 个帖子的原始数据
2025-12-22 09:24:27,952 [INFO] [个性化首页] ✅ 成功提取 10 个帖子
2025-12-22 09:24:27,952 [INFO] 
================================================================================
2025-12-22 09:24:27,952 [INFO] 📊 对比分析：判断是否获取到个性化内容
2025-12-22 09:24:27,952 [INFO] ================================================================================
2025-12-22 09:24:27,952 [INFO]   个性化首页帖子数: 10
2025-12-22 09:24:27,953 [INFO]   通用首页帖子数: 10
2025-12-22 09:24:27,953 [INFO]   共同帖子数: 0
2025-12-22 09:24:27,953 [INFO]   个性化独有帖子数: 10
2025-12-22 09:24:27,953 [INFO]   通用独有帖子数: 10
2025-12-22 09:24:27,954 [INFO]   内容相似度: 0.0%
2025-12-22 09:24:27,954 [INFO]   ✅ 判断：已获取到个性化内容（内容差异较大）
2025-12-22 09:24:27,954 [INFO]   个性化独有帖子ID示例: ['170107948', '170142842', '170458246']
2025-12-22 09:24:27,954 [INFO] ================================================================================

2025-12-22 09:24:27,954 [INFO] 
第1步完成：提取到 10 个帖子

2025-12-22 09:24:27,955 [INFO] [1/10] 处理: 这是啥在地铁上看到的，啥游戏啊一堆技能盒友日常热门20303252
2025-12-22 09:24:27,955 [INFO]   💬 抓取评论: 170107948
2025-12-22 09:24:27,955 [INFO]      📍 URL: https://www.xiaoheihe.cn/app/bbs/link/170107948?htk=11635b65936bf0856fe0510bb992cf91
2025-12-22 09:24:32,819 [INFO]      🔍 页面检测: 评论区=True, 评论项数=3
2025-12-22 09:24:32,823 [INFO]     ✓ 获取到 0 条评论
2025-12-22 09:24:34,833 [INFO] [2/10] 处理: hym拼多多太牛逼了48块买的，原本以为只是个小模型，结果到手后发现这么大，本来
2025-12-22 09:24:34,833 [INFO]   💬 抓取评论: 170560695
2025-12-22 09:24:34,833 [INFO]      📍 URL: https://www.xiaoheihe.cn/app/bbs/link/170560695?htk=46465fe3089bcaea73a40120b94ef746
2025-12-22 09:24:39,423 [INFO]      🔍 页面检测: 评论区=True, 评论项数=3
2025-12-22 09:24:39,427 [INFO]     ✓ 获取到 3 条评论
2025-12-22 09:24:41,436 [INFO] [3/10] 处理: 【聊聊丝袜】为什么？我们喜爱丝袜的美学动因与心理机制是什么？美学动因与心理机制宝
2025-12-22 09:24:41,436 [INFO]   💬 抓取评论: 171064061
2025-12-22 09:24:41,437 [INFO]      📍 URL: https://www.xiaoheihe.cn/app/bbs/link/171064061?htk=8d8354bad42e986a668712b3797ecbe7
